# JRE version: OpenJDK Runtime Environment (15.0.1+9) (build 15.0.1+9-18)
# Java VM: OpenJDK 64-Bit Server VM (15.0.1+9-18, mixed mode, tiered, compressed oops, g1 gc, windows-amd64)
GC Precious Log:
 CPUs: 4 total, 4 available
 Memory: 4000M
 Large Page Support: Disabled
 NUMA Support: Disabled
 Compressed Oops: Enabled (32-bit)
 Heap Region Size: 1M
 Heap Min Capacity: 8M
 Heap Initial Capacity: 64M
 Heap Max Capacity: 1002M
 Pre-touch: Disabled
 Parallel Workers: 4
 Concurrent Workers: 1
 Concurrent Refinement Workers: 4
 Periodic GC: Disabled
Heap:
 garbage-first heap   total 84992K, used 22815K [0x00000000c1600000, 0x0000000100000000)
  region size 1024K, 3 young (3072K), 3 survivors (3072K)
 Metaspace       used 53603K, capacity 54188K, committed 54272K, reserved 1095680K
  class space    used 6860K, capacity 7089K, committed 7168K, reserved 1048576K
GC Heap History (20 events):
Event: 11.239 GC heap after
{Heap after GC invocations=14 (full 0):
 garbage-first heap   total 55296K, used 13484K [0x00000000c1600000, 0x0000000100000000)
  region size 1024K, 3 young (3072K), 3 survivors (3072K)
 Metaspace       used 33534K, capacity 33994K, committed 34048K, reserved 1079296K
  class space    used 3940K, capacity 4065K, committed 4096K, reserved 1048576K
}
Event: 12.489 GC heap before
{Heap before GC invocations=14 (full 0):
 garbage-first heap   total 55296K, used 39084K [0x00000000c1600000, 0x0000000100000000)
  region size 1024K, 30 young (30720K), 3 survivors (3072K)
 Metaspace       used 35015K, capacity 35496K, committed 35584K, reserved 1081344K
  class space    used 4171K, capacity 4327K, committed 4352K, reserved 1048576K
}
Event: 12.504 GC heap after
{Heap after GC invocations=15 (full 0):
 garbage-first heap   total 66560K, used 14407K [0x00000000c1600000, 0x0000000100000000)
  region size 1024K, 3 young (3072K), 3 survivors (3072K)
 Metaspace       used 35015K, capacity 35496K, committed 35584K, reserved 1081344K
  class space    used 4171K, capacity 4327K, committed 4352K, reserved 1048576K
}
Event: 14.215 GC heap before
{Heap before GC invocations=16 (full 0):
 garbage-first heap   total 58368K, used 46151K [0x00000000c1600000, 0x0000000100000000)
  region size 1024K, 34 young (34816K), 3 survivors (3072K)
 Metaspace       used 37230K, capacity 37732K, committed 38016K, reserved 1083392K
  class space    used 4516K, capacity 4699K, committed 4736K, reserved 1048576K
}
Event: 14.238 GC heap after
{Heap after GC invocations=17 (full 0):
 garbage-first heap   total 58368K, used 16244K [0x00000000c1600000, 0x0000000100000000)
  region size 1024K, 4 young (4096K), 4 survivors (4096K)
 Metaspace       used 37230K, capacity 37732K, committed 38016K, reserved 1083392K
  class space    used 4516K, capacity 4699K, committed 4736K, reserved 1048576K
}
Event: 15.950 GC heap before
{Heap before GC invocations=17 (full 0):
 garbage-first heap   total 58368K, used 46964K [0x00000000c1600000, 0x0000000100000000)
  region size 1024K, 34 young (34816K), 4 survivors (4096K)
 Metaspace       used 39244K, capacity 39737K, committed 39808K, reserved 1083392K
  class space    used 4772K, capacity 4962K, committed 4992K, reserved 1048576K
}
Event: 15.969 GC heap after
{Heap after GC invocations=18 (full 0):
 garbage-first heap   total 58368K, used 18113K [0x00000000c1600000, 0x0000000100000000)
  region size 1024K, 4 young (4096K), 4 survivors (4096K)
 Metaspace       used 39244K, capacity 39737K, committed 39808K, reserved 1083392K
  class space    used 4772K, capacity 4962K, committed 4992K, reserved 1048576K
}
Event: 16.289 GC heap before
{Heap before GC invocations=18 (full 0):
 garbage-first heap   total 58368K, used 45761K [0x00000000c1600000, 0x0000000100000000)
  region size 1024K, 32 young (32768K), 4 survivors (4096K)
 Metaspace       used 40101K, capacity 40697K, committed 40960K, reserved 1085440K
  class space    used 4854K, capacity 5090K, committed 5120K, reserved 1048576K
}
Event: 16.304 GC heap after
{Heap after GC invocations=19 (full 0):
 garbage-first heap   total 58368K, used 18923K [0x00000000c1600000, 0x0000000100000000)
  region size 1024K, 3 young (3072K), 3 survivors (3072K)
 Metaspace       used 40101K, capacity 40697K, committed 40960K, reserved 1085440K
  class space    used 4854K, capacity 5090K, committed 5120K, reserved 1048576K
}
Event: 16.586 GC heap before
{Heap before GC invocations=19 (full 0):
 garbage-first heap   total 58368K, used 45547K [0x00000000c1600000, 0x0000000100000000)
  region size 1024K, 30 young (30720K), 3 survivors (3072K)
 Metaspace       used 40516K, capacity 41049K, committed 41344K, reserved 1085440K
  class space    used 4892K, capacity 5122K, committed 5248K, reserved 1048576K
}
Event: 16.598 GC heap after
{Heap after GC invocations=20 (full 0):
 garbage-first heap   total 70656K, used 19030K [0x00000000c1600000, 0x0000000100000000)
  region size 1024K, 1 young (1024K), 1 survivors (1024K)
 Metaspace       used 40516K, capacity 41049K, committed 41344K, reserved 1085440K
  class space    used 4892K, capacity 5122K, committed 5248K, reserved 1048576K
}
Event: 16.699 GC heap before
{Heap before GC invocations=20 (full 0):
 garbage-first heap   total 70656K, used 56918K [0x00000000c1600000, 0x0000000100000000)
  region size 1024K, 39 young (39936K), 1 survivors (1024K)
 Metaspace       used 40516K, capacity 41049K, committed 41344K, reserved 1085440K
  class space    used 4892K, capacity 5122K, committed 5248K, reserved 1048576K
}
Event: 16.704 GC heap after
{Heap after GC invocations=21 (full 0):
 garbage-first heap   total 70656K, used 18885K [0x00000000c1600000, 0x0000000100000000)
  region size 1024K, 1 young (1024K), 1 survivors (1024K)
 Metaspace       used 40516K, capacity 41049K, committed 41344K, reserved 1085440K
  class space    used 4892K, capacity 5122K, committed 5248K, reserved 1048576K
}
Event: 18.415 GC heap before
{Heap before GC invocations=21 (full 0):
 garbage-first heap   total 70656K, used 58821K [0x00000000c1600000, 0x0000000100000000)
  region size 1024K, 40 young (40960K), 1 survivors (1024K)
 Metaspace       used 43011K, capacity 43528K, committed 43648K, reserved 1087488K
  class space    used 5204K, capacity 5415K, committed 5504K, reserved 1048576K
}
Event: 18.430 GC heap after
{Heap after GC invocations=22 (full 0):
 garbage-first heap   total 70656K, used 20491K [0x00000000c1600000, 0x0000000100000000)
  region size 1024K, 3 young (3072K), 3 survivors (3072K)
 Metaspace       used 43011K, capacity 43528K, committed 43648K, reserved 1087488K
  class space    used 5204K, capacity 5415K, committed 5504K, reserved 1048576K
}
Event: 19.721 GC heap before
{Heap before GC invocations=22 (full 0):
 garbage-first heap   total 70656K, used 57355K [0x00000000c1600000, 0x0000000100000000)
  region size 1024K, 39 young (39936K), 3 survivors (3072K)
 Metaspace       used 46642K, capacity 47185K, committed 47360K, reserved 1091584K
  class space    used 5851K, capacity 6057K, committed 6144K, reserved 1048576K
}
Event: 19.733 GC heap after
{Heap after GC invocations=23 (full 0):
 garbage-first heap   total 70656K, used 21189K [0x00000000c1600000, 0x0000000100000000)
  region size 1024K, 3 young (3072K), 3 survivors (3072K)
 Metaspace       used 46642K, capacity 47185K, committed 47360K, reserved 1091584K
  class space    used 5851K, capacity 6057K, committed 6144K, reserved 1048576K
}
Event: 20.994 GC heap before
{Heap before GC invocations=23 (full 0):
 garbage-first heap   total 70656K, used 59077K [0x00000000c1600000, 0x0000000100000000)
  region size 1024K, 40 young (40960K), 3 survivors (3072K)
 Metaspace       used 50288K, capacity 50900K, committed 51200K, reserved 1093632K
  class space    used 6338K, capacity 6570K, committed 6656K, reserved 1048576K
}
Event: 21.013 GC heap after
{Heap after GC invocations=24 (full 0):
 garbage-first heap   total 70656K, used 21993K [0x00000000c1600000, 0x0000000100000000)
  region size 1024K, 4 young (4096K), 4 survivors (4096K)
 Metaspace       used 50288K, capacity 50900K, committed 51200K, reserved 1093632K
  class space    used 6338K, capacity 6570K, committed 6656K, reserved 1048576K
}
Event: 22.627 GC heap before
{Heap before GC invocations=24 (full 0):
 garbage-first heap   total 70656K, used 56809K [0x00000000c1600000, 0x0000000100000000)
  region size 1024K, 38 young (38912K), 4 survivors (4096K)
 Metaspace       used 53603K, capacity 54188K, committed 54272K, reserved 1095680K
  class space    used 6860K, capacity 7089K, committed 7168K, reserved 1048576K
}

